Arguments: 
  C:\Program Files\nodejs\node.exe C:\Program Files (x86)\Yarn\bin\yarn.js

PATH: 
  C:\Program Files\Docker\Docker\Resources\bin;C:\WINDOWS\system32;C:\WINDOWS;C:\WINDOWS\System32\Wbem;C:\WINDOWS\System32\WindowsPowerShell\v1.0\;M:\Ora12c\product\12.1.0\client_1\bin;M:\Ora11g\oraclient11g\product\11.2.0\client_1\bin;c:\Program Files (x86)\Microsoft SQL Server\110\Tools\Binn\ManagementStudio\;c:\Program Files (x86)\Microsoft SQL Server\110\Tools\Binn\;c:\Program Files (x86)\Microsoft SQL Server\110\DTS\Binn\;C:\Program Files\Git\cmd;C:\Program Files\dotnet\;C:\Program Files\Microsoft SQL Server\130\Tools\Binn\;C:\Program Files\nodejs\;C:\Program Files\Microsoft VS Code\bin;C:\Program Files\Amazon\AWSCLI\;C:\Program Files (x86)\Yarn\bin\;C:\Users\S782987\AppData\Local\Microsoft\WindowsApps;C:\Users\S782987\AppData\Roaming\npm;C:\Users\S782987\AppData\Local\Yarn\bin

Yarn version: 
  1.7.0

Node version: 
  8.11.3

Platform: 
  win32 x64

Trace: 
  Error: read ECONNRESET
      at _errnoException (util.js:992:11)
      at TLSWrap.onread (net.js:618:25)

npm manifest: 
  {
    "name": "front-end",
    "version": "1.0.0",
    "description": "",
    "main": "index.js",
    "scripts": {
      "test": "echo \"Error: no test specified\" && exit 1"
    },
    "author": "",
    "license": "ISC",
    "dependencies": {
      "react": "^16.4.2"
    }
  }

yarn manifest: 
  No manifest

Lockfile: 
  No lockfile
